2024-07-06T01:29:35+00:00 INFO [request][order_id:228] http request url : https://api-pay.line.me/v3/payments/request
2024-07-06T01:29:35+00:00 INFO [request][order_id:228] execute request_args: Array
(
    [httpversion] => 1.1
    [timeout] => 20
    [headers] => Array
        (
            [content-type] => application/json; charset=UTF-8
            [X-LINE-ChannelId] => 2005729424
            [X-LINE-Authorization-Nonce] => 202407060129353258
            [X-LINE-Authorization] => QJWby5DnWa7jLbZNkAXAHbqU9SrUu4SJl4eCO7VohSw=
        )

    [method] => POST
    [body] => {"orderId":228,"amount":"2300","currency":"TWD","packages":[{"id":"WC-ITEMS||228","name":"WC_ITEMS","amount":"2300","products":[{"id":209,"name":"\u8d64\u5b97\u3001\u77f3\u72d7\u3001\u99ac\u982d\u3001\u82b1\u98db","quantity":1,"price":"2300","imageUrl":"https:\/\/www.fishmarts.com\/wp-content\/uploads\/2024\/06\/004-1.jpg"}]}],"redirectUrls":{"confirmUrl":"https:\/\/www.fishmarts.com\/wc-api\/linepay_payment?request_type=confirm&order_id=228","confirmUrlType":"CLIENT","cancelUrl":"https:\/\/www.fishmarts.com\/wc-api\/linepay_payment?request_type=cancel&order_id=228"},"options":{"payment":{"payType":"NORMAL","capture":true},"extra":{"branchName":""}}}
)
2024-07-06T01:29:35+00:00 INFO [execute] http response code: 200, response body: stdClass Object
(
    [returnCode] => 0000
    [returnMessage] => Success.
    [info] => stdClass Object
        (
            [paymentUrl] => stdClass Object
                (
                    [web] => https://web-pay.line.me/web/payment/wait?transactionReserveId=QWJVZUJRaW85U2g0MkdSbVVKcXF6Tmt3bG9IdzRZUjR0cUZTb3pSMmczK2g1Y0hvcFptajFrdVVvaEVuR2Jncg
                    [app] => line://pay/payment/QWJVZUJRaW85U2g0MkdSbVVKcXF6Tmt3bG9IdzRZUjR0cUZTb3pSMmczK2g1Y0hvcFptajFrdVVvaEVuR2Jncg
                )

            [transactionId] => 2024070623345569410
            [paymentAccessToken] => 497377627235
        )

)
2024-07-06T01:29:35+00:00 INFO [request] execute result: stdClass Object
(
    [returnCode] => 0000
    [returnMessage] => Success.
    [info] => stdClass Object
        (
            [paymentUrl] => stdClass Object
                (
                    [web] => https://web-pay.line.me/web/payment/wait?transactionReserveId=QWJVZUJRaW85U2g0MkdSbVVKcXF6Tmt3bG9IdzRZUjR0cUZTb3pSMmczK2g1Y0hvcFptajFrdVVvaEVuR2Jncg
                    [app] => line://pay/payment/QWJVZUJRaW85U2g0MkdSbVVKcXF6Tmt3bG9IdzRZUjR0cUZTb3pSMmczK2g1Y0hvcFptajFrdVVvaEVuR2Jncg
                )

            [transactionId] => 2024070623345569410
            [paymentAccessToken] => 497377627235
        )

)
2024-07-06T01:29:35+00:00 INFO [check][order_id:228] http request url : https://api-pay.line.me/v3/payments/requests/2024070623345569410/check
2024-07-06T01:29:35+00:00 INFO [check][order_id:228] execute request_args: Array
(
    [httpversion] => 1.1
    [timeout] => 20
    [headers] => Array
        (
            [content-type] => application/json; charset=UTF-8
            [X-LINE-ChannelId] => 2005729424
            [X-LINE-Authorization-Nonce] => 202407060129354183
            [X-LINE-Authorization] => KHvY34ABIjVxL4I5Da3gatl8WX1VYOlwq9+qlJoiouA=
        )

    [method] => GET
)
2024-07-06T01:29:35+00:00 INFO [execute] http response code: 200, response body: stdClass Object
(
    [returnCode] => 0000
    [returnMessage] => reserved transaction.
)
2024-07-06T01:29:35+00:00 INFO [check][order_id:228] Check payment status after requested, return code:0000, return message:reserved transaction.
